This is pdfTeX, Version 3.14159265-2.6-1.40.19 (TeX Live 2018) (preloaded format=pdflatex 2018.4.16)  1 APR 2019 18:17
entering extended mode
 restricted \write18 enabled.
 %&-line parsing enabled.
**"/Users/roderick/Library/Mobile Documents/com~apple~CloudDocs/Rutgers, the St
ate University of New Jersey/Study Stuffs/CS512 Introduction to Data Stucture a
nd Algorithm/Project/Highlights.tex"

! Emergency stop.
<to be read again> 
                   \protect 
<*> "/Users/roderick/Library/Mobile Documents/com~
                                                  apple~CloudDocs/Rutgers, t...
End of file on the terminal!

 
Here is how much of TeX's memory you used:
 4 strings out of 492649
 141 string characters out of 6129622
 56311 words of memory out of 5000000
 3988 multiletter control sequences out of 15000+600000
 3640 words of font info for 14 fonts, out of 8000000 for 9000
 1141 hyphenation exceptions out of 8191
 3i,0n,0p,1b,6s stack positions out of 5000i,500n,10000p,200000b,80000s
!  ==> Fatal error occurred, no output PDF file produced!
d!
